[2014-09-08 14:50:28] ERROR (GetBalance.java: 44) - An error occurred while fetching your balance: This request must be made over a secure channel. You must use 'https' rather than 'http'.
com.amazonaws.mturk.service.exception.InternalServiceException: This request must be made over a secure channel. You must use 'https' rather than 'http'.
	at com.amazonaws.mturk.service.axis.AWSService.executeRequestMessage(AWSService.java:243)
	at com.amazonaws.mturk.filter.FinalFilter.execute(FinalFilter.java:38)
	at com.amazonaws.mturk.filter.Filter.passMessage(Filter.java:56)
	at com.amazonaws.mturk.filter.ErrorProcessingFilter.execute(ErrorProcessingFilter.java:46)
	at com.amazonaws.mturk.filter.Filter.passMessage(Filter.java:56)
	at com.amazonaws.mturk.filter.RetryFilter.execute(RetryFilter.java:115)
	at com.amazonaws.mturk.filter.Filter.passMessage(Filter.java:56)
	at com.amazonaws.mturk.util.CLTExceptionFilter.sendMessage(CLTExceptionFilter.java:77)
	at com.amazonaws.mturk.util.CLTExceptionFilter.execute(CLTExceptionFilter.java:62)
	at com.amazonaws.mturk.service.axis.FilteredAWSService.executeRequests(FilteredAWSService.java:172)
	at com.amazonaws.mturk.service.axis.FilteredAWSService.executeRequest(FilteredAWSService.java:152)
	at com.amazonaws.mturk.service.axis.FilteredAWSService.executeRequest(FilteredAWSService.java:116)
	at com.amazonaws.mturk.service.axis.RequesterServiceRaw.getAccountBalance(RequesterServiceRaw.java:1193)
	at com.amazonaws.mturk.service.axis.RequesterService.getAccountBalance(RequesterService.java:922)
	at com.amazonaws.mturk.cmd.GetBalance.getBalance(GetBalance.java:50)
	at com.amazonaws.mturk.cmd.GetBalance.runCommand(GetBalance.java:41)
	at com.amazonaws.mturk.cmd.AbstractCmd.run(AbstractCmd.java:148)
	at com.amazonaws.mturk.cmd.GetBalance.main(GetBalance.java:28)
Caused by: This request must be made over a secure channel. You must use 'https' rather than 'http'.
	at org.apache.axis.message.SOAPFaultBuilder.createFault(SOAPFaultBuilder.java:222)
	at org.apache.axis.message.SOAPFaultBuilder.endElement(SOAPFaultBuilder.java:129)
	at org.apache.axis.encoding.DeserializationContext.endElement(DeserializationContext.java:1087)
	at org.apache.xerces.parsers.AbstractSAXParser.endElement(Unknown Source)
	at org.apache.xerces.impl.XMLNSDocumentScannerImpl.scanEndElement(Unknown Source)
	at org.apache.xerces.impl.XMLDocumentFragmentScannerImpl$FragmentContentDispatcher.dispatch(Unknown Source)
	at org.apache.xerces.impl.XMLDocumentFragmentScannerImpl.scanDocument(Unknown Source)
	at org.apache.xerces.parsers.XML11Configuration.parse(Unknown Source)
	at org.apache.xerces.parsers.XML11Configuration.parse(Unknown Source)
	at org.apache.xerces.parsers.XMLParser.parse(Unknown Source)
	at org.apache.xerces.parsers.AbstractSAXParser.parse(Unknown Source)
	at org.apache.xerces.jaxp.SAXParserImpl$JAXPSAXParser.parse(Unknown Source)
	at org.apache.xerces.jaxp.SAXParserImpl.parse(Unknown Source)
	at org.apache.axis.encoding.DeserializationContext.parse(DeserializationContext.java:227)
	at org.apache.axis.SOAPPart.getAsSOAPEnvelope(SOAPPart.java:696)
	at org.apache.axis.Message.getSOAPEnvelope(Message.java:435)
	at org.apache.axis.handlers.soap.MustUnderstandChecker.invoke(MustUnderstandChecker.java:62)
	at org.apache.axis.client.AxisClient.invoke(AxisClient.java:206)
	at org.apache.axis.client.Call.invokeEngine(Call.java:2784)
	at org.apache.axis.client.Call.invoke(Call.java:2767)
	at org.apache.axis.client.Call.invoke(Call.java:2443)
	at org.apache.axis.client.Call.invoke(Call.java:2366)
	at org.apache.axis.client.Call.invoke(Call.java:1812)
	at com.amazonaws.mturk.requester.AWSMechanicalTurkRequesterBindingStub.getAccountBalance(Unknown Source)
	at sun.reflect.NativeMethodAccessorImpl.invoke0(Native Method)
	at sun.reflect.NativeMethodAccessorImpl.invoke(NativeMethodAccessorImpl.java:57)
	at sun.reflect.DelegatingMethodAccessorImpl.invoke(DelegatingMethodAccessorImpl.java:43)
	at java.lang.reflect.Method.invoke(Method.java:606)
	at com.amazonaws.mturk.service.axis.AWSService.executeRequestMessage(AWSService.java:220)
	... 17 more
[2014-09-08 14:55:39] ERROR (AbstractCmd.java: 64) - The Mechanical Turk command line tool is not configured correctly: access_key is missing!
[2014-09-08 14:55:39] ERROR (AbstractCmd.java: 65) - Please open the configuration file (mturk.properties) and correct this setting before proceeding.
[2014-09-08 14:56:19] ERROR (GetBalance.java: 44) - An error occurred while fetching your balance: This request must be made over a secure channel. You must use 'https' rather than 'http'.
com.amazonaws.mturk.service.exception.InternalServiceException: This request must be made over a secure channel. You must use 'https' rather than 'http'.
	at com.amazonaws.mturk.service.axis.AWSService.executeRequestMessage(AWSService.java:243)
	at com.amazonaws.mturk.filter.FinalFilter.execute(FinalFilter.java:38)
	at com.amazonaws.mturk.filter.Filter.passMessage(Filter.java:56)
	at com.amazonaws.mturk.filter.ErrorProcessingFilter.execute(ErrorProcessingFilter.java:46)
	at com.amazonaws.mturk.filter.Filter.passMessage(Filter.java:56)
	at com.amazonaws.mturk.filter.RetryFilter.execute(RetryFilter.java:115)
	at com.amazonaws.mturk.filter.Filter.passMessage(Filter.java:56)
	at com.amazonaws.mturk.util.CLTExceptionFilter.sendMessage(CLTExceptionFilter.java:77)
	at com.amazonaws.mturk.util.CLTExceptionFilter.execute(CLTExceptionFilter.java:62)
	at com.amazonaws.mturk.service.axis.FilteredAWSService.executeRequests(FilteredAWSService.java:172)
	at com.amazonaws.mturk.service.axis.FilteredAWSService.executeRequest(FilteredAWSService.java:152)
	at com.amazonaws.mturk.service.axis.FilteredAWSService.executeRequest(FilteredAWSService.java:116)
	at com.amazonaws.mturk.service.axis.RequesterServiceRaw.getAccountBalance(RequesterServiceRaw.java:1193)
	at com.amazonaws.mturk.service.axis.RequesterService.getAccountBalance(RequesterService.java:922)
	at com.amazonaws.mturk.cmd.GetBalance.getBalance(GetBalance.java:50)
	at com.amazonaws.mturk.cmd.GetBalance.runCommand(GetBalance.java:41)
	at com.amazonaws.mturk.cmd.AbstractCmd.run(AbstractCmd.java:148)
	at com.amazonaws.mturk.cmd.GetBalance.main(GetBalance.java:28)
Caused by: This request must be made over a secure channel. You must use 'https' rather than 'http'.
	at org.apache.axis.message.SOAPFaultBuilder.createFault(SOAPFaultBuilder.java:222)
	at org.apache.axis.message.SOAPFaultBuilder.endElement(SOAPFaultBuilder.java:129)
	at org.apache.axis.encoding.DeserializationContext.endElement(DeserializationContext.java:1087)
	at org.apache.xerces.parsers.AbstractSAXParser.endElement(Unknown Source)
	at org.apache.xerces.impl.XMLNSDocumentScannerImpl.scanEndElement(Unknown Source)
	at org.apache.xerces.impl.XMLDocumentFragmentScannerImpl$FragmentContentDispatcher.dispatch(Unknown Source)
	at org.apache.xerces.impl.XMLDocumentFragmentScannerImpl.scanDocument(Unknown Source)
	at org.apache.xerces.parsers.XML11Configuration.parse(Unknown Source)
	at org.apache.xerces.parsers.XML11Configuration.parse(Unknown Source)
	at org.apache.xerces.parsers.XMLParser.parse(Unknown Source)
	at org.apache.xerces.parsers.AbstractSAXParser.parse(Unknown Source)
	at org.apache.xerces.jaxp.SAXParserImpl$JAXPSAXParser.parse(Unknown Source)
	at org.apache.xerces.jaxp.SAXParserImpl.parse(Unknown Source)
	at org.apache.axis.encoding.DeserializationContext.parse(DeserializationContext.java:227)
	at org.apache.axis.SOAPPart.getAsSOAPEnvelope(SOAPPart.java:696)
	at org.apache.axis.Message.getSOAPEnvelope(Message.java:435)
	at org.apache.axis.handlers.soap.MustUnderstandChecker.invoke(MustUnderstandChecker.java:62)
	at org.apache.axis.client.AxisClient.invoke(AxisClient.java:206)
	at org.apache.axis.client.Call.invokeEngine(Call.java:2784)
	at org.apache.axis.client.Call.invoke(Call.java:2767)
	at org.apache.axis.client.Call.invoke(Call.java:2443)
	at org.apache.axis.client.Call.invoke(Call.java:2366)
	at org.apache.axis.client.Call.invoke(Call.java:1812)
	at com.amazonaws.mturk.requester.AWSMechanicalTurkRequesterBindingStub.getAccountBalance(Unknown Source)
	at sun.reflect.NativeMethodAccessorImpl.invoke0(Native Method)
	at sun.reflect.NativeMethodAccessorImpl.invoke(NativeMethodAccessorImpl.java:57)
	at sun.reflect.DelegatingMethodAccessorImpl.invoke(DelegatingMethodAccessorImpl.java:43)
	at java.lang.reflect.Method.invoke(Method.java:606)
	at com.amazonaws.mturk.service.axis.AWSService.executeRequestMessage(AWSService.java:220)
	... 17 more
[2014-09-08 15:02:31] INFO  (GetBalance.java: 51) - Your account balance: $0.00
[2014-09-08 15:04:01] INFO  (GetBalance.java: 51) - Your account balance: $0.00
[2014-09-08 15:04:14] INFO  (AbstractCmd.java: 138) - Sandbox override
[2014-09-08 15:04:17] INFO  (GetBalance.java: 51) - Your account balance: $10000.00
[2014-09-08 15:04:24] INFO  (GetBalance.java: 51) - Your account balance: $0.00
[2014-09-08 15:04:31] INFO  (GetBalance.java: 51) - Your account balance: $0.00
